2023-04-06 09:30:09,831 DEBUG    root            Loaded Command Group: ['gcloud', 'components']
2023-04-06 09:30:09,833 DEBUG    root            Loaded Command Group: ['gcloud', 'components', 'list']
2023-04-06 09:30:09,835 DEBUG    root            Running [gcloud.components.list] with arguments: [--quiet: "True"]
2023-04-06 09:30:10,241 DEBUG    urllib3.connectionpool Starting new HTTPS connection (1): dl.google.com:443
2023-04-06 09:30:11,002 DEBUG    urllib3.connectionpool https://dl.google.com:443 "GET /dl/cloudsdk/channels/rapid/components-2.json HTTP/1.1" 200 206156
2023-04-06 09:30:11,252 INFO     ___FILE_ONLY___ 
Your current Google Cloud CLI version is: 425.0.0

2023-04-06 09:30:11,252 INFO     ___FILE_ONLY___ The latest available version is: 425.0.0

2023-04-06 09:30:11,252 INFO     ___FILE_ONLY___ 

2023-04-06 09:30:11,252 DEBUG    root            Chosen display Format:table[box,title="Components"](state.name:label=Status,name:label=Name,id:label=ID,size.size(zero="",min=1048576):label=Size:align=right)
2023-04-06 09:30:11,253 INFO     root            Display format: "table[box,title="Components"](state.name:label=Status,name:label=Name,id:label=ID,size.size(zero="",min=1048576):label=Size:align=right)"
2023-04-06 09:30:11,266 INFO     ___FILE_ONLY___ ┌────────────────────────────────────────────────────────────────────────────────────────────────────────────────┐
2023-04-06 09:30:11,266 INFO     ___FILE_ONLY___ 

2023-04-06 09:30:11,266 INFO     ___FILE_ONLY___ │                                                   Components                                                   │
2023-04-06 09:30:11,266 INFO     ___FILE_ONLY___ 

2023-04-06 09:30:11,266 INFO     ___FILE_ONLY___ ├───────────────┬──────────────────────────────────────────────────────┬──────────────────────────────┬──────────┤
2023-04-06 09:30:11,266 INFO     ___FILE_ONLY___ 

2023-04-06 09:30:11,266 INFO     ___FILE_ONLY___ │     Status    │                         Name                         │              ID              │   Size   │
2023-04-06 09:30:11,266 INFO     ___FILE_ONLY___ 

2023-04-06 09:30:11,266 INFO     ___FILE_ONLY___ ├───────────────┼──────────────────────────────────────────────────────┼──────────────────────────────┼──────────┤
2023-04-06 09:30:11,266 INFO     ___FILE_ONLY___ 

2023-04-06 09:30:11,266 INFO     ___FILE_ONLY___ │ 
2023-04-06 09:30:11,267 INFO     ___FILE_ONLY___ Not Installed
2023-04-06 09:30:11,267 INFO     ___FILE_ONLY___  
2023-04-06 09:30:11,267 INFO     ___FILE_ONLY___ │ 
2023-04-06 09:30:11,267 INFO     ___FILE_ONLY___ App Engine Go Extensions                            
2023-04-06 09:30:11,267 INFO     ___FILE_ONLY___  
2023-04-06 09:30:11,267 INFO     ___FILE_ONLY___ │ 
2023-04-06 09:30:11,267 INFO     ___FILE_ONLY___ app-engine-go               
2023-04-06 09:30:11,267 INFO     ___FILE_ONLY___  
2023-04-06 09:30:11,267 INFO     ___FILE_ONLY___ │ 
2023-04-06 09:30:11,267 INFO     ___FILE_ONLY___  4.2 MiB
2023-04-06 09:30:11,267 INFO     ___FILE_ONLY___  
2023-04-06 09:30:11,267 INFO     ___FILE_ONLY___ │
2023-04-06 09:30:11,267 INFO     ___FILE_ONLY___ 

2023-04-06 09:30:11,267 INFO     ___FILE_ONLY___ │ 
2023-04-06 09:30:11,267 INFO     ___FILE_ONLY___ Not Installed
2023-04-06 09:30:11,267 INFO     ___FILE_ONLY___  
2023-04-06 09:30:11,267 INFO     ___FILE_ONLY___ │ 
2023-04-06 09:30:11,267 INFO     ___FILE_ONLY___ Appctl                                              
2023-04-06 09:30:11,267 INFO     ___FILE_ONLY___  
2023-04-06 09:30:11,267 INFO     ___FILE_ONLY___ │ 
2023-04-06 09:30:11,268 INFO     ___FILE_ONLY___ appctl                      
2023-04-06 09:30:11,268 INFO     ___FILE_ONLY___  
2023-04-06 09:30:11,268 INFO     ___FILE_ONLY___ │ 
2023-04-06 09:30:11,268 INFO     ___FILE_ONLY___ 18.5 MiB
2023-04-06 09:30:11,268 INFO     ___FILE_ONLY___  
2023-04-06 09:30:11,268 INFO     ___FILE_ONLY___ │
2023-04-06 09:30:11,268 INFO     ___FILE_ONLY___ 

2023-04-06 09:30:11,268 INFO     ___FILE_ONLY___ │ 
2023-04-06 09:30:11,268 INFO     ___FILE_ONLY___ Not Installed
2023-04-06 09:30:11,268 INFO     ___FILE_ONLY___  
2023-04-06 09:30:11,268 INFO     ___FILE_ONLY___ │ 
2023-04-06 09:30:11,268 INFO     ___FILE_ONLY___ Artifact Registry Go Module Package Helper          
2023-04-06 09:30:11,268 INFO     ___FILE_ONLY___  
2023-04-06 09:30:11,268 INFO     ___FILE_ONLY___ │ 
2023-04-06 09:30:11,268 INFO     ___FILE_ONLY___ package-go-module           
2023-04-06 09:30:11,268 INFO     ___FILE_ONLY___  
2023-04-06 09:30:11,268 INFO     ___FILE_ONLY___ │ 
2023-04-06 09:30:11,268 INFO     ___FILE_ONLY___  < 1 MiB
2023-04-06 09:30:11,268 INFO     ___FILE_ONLY___  
2023-04-06 09:30:11,268 INFO     ___FILE_ONLY___ │
2023-04-06 09:30:11,268 INFO     ___FILE_ONLY___ 

2023-04-06 09:30:11,268 INFO     ___FILE_ONLY___ │ 
2023-04-06 09:30:11,269 INFO     ___FILE_ONLY___ Not Installed
2023-04-06 09:30:11,269 INFO     ___FILE_ONLY___  
2023-04-06 09:30:11,269 INFO     ___FILE_ONLY___ │ 
2023-04-06 09:30:11,269 INFO     ___FILE_ONLY___ Cloud Bigtable Command Line Tool                    
2023-04-06 09:30:11,269 INFO     ___FILE_ONLY___  
2023-04-06 09:30:11,269 INFO     ___FILE_ONLY___ │ 
2023-04-06 09:30:11,269 INFO     ___FILE_ONLY___ cbt                         
2023-04-06 09:30:11,269 INFO     ___FILE_ONLY___  
2023-04-06 09:30:11,269 INFO     ___FILE_ONLY___ │ 
2023-04-06 09:30:11,269 INFO     ___FILE_ONLY___  9.8 MiB
2023-04-06 09:30:11,269 INFO     ___FILE_ONLY___  
2023-04-06 09:30:11,269 INFO     ___FILE_ONLY___ │
2023-04-06 09:30:11,269 INFO     ___FILE_ONLY___ 

2023-04-06 09:30:11,269 INFO     ___FILE_ONLY___ │ 
2023-04-06 09:30:11,269 INFO     ___FILE_ONLY___ Not Installed
2023-04-06 09:30:11,269 INFO     ___FILE_ONLY___  
2023-04-06 09:30:11,269 INFO     ___FILE_ONLY___ │ 
2023-04-06 09:30:11,269 INFO     ___FILE_ONLY___ Cloud Bigtable Emulator                             
2023-04-06 09:30:11,269 INFO     ___FILE_ONLY___  
2023-04-06 09:30:11,269 INFO     ___FILE_ONLY___ │ 
2023-04-06 09:30:11,269 INFO     ___FILE_ONLY___ bigtable                    
2023-04-06 09:30:11,269 INFO     ___FILE_ONLY___  
2023-04-06 09:30:11,270 INFO     ___FILE_ONLY___ │ 
2023-04-06 09:30:11,270 INFO     ___FILE_ONLY___  6.3 MiB
2023-04-06 09:30:11,270 INFO     ___FILE_ONLY___  
2023-04-06 09:30:11,270 INFO     ___FILE_ONLY___ │
2023-04-06 09:30:11,270 INFO     ___FILE_ONLY___ 

2023-04-06 09:30:11,270 INFO     ___FILE_ONLY___ │ 
2023-04-06 09:30:11,270 INFO     ___FILE_ONLY___ Not Installed
2023-04-06 09:30:11,270 INFO     ___FILE_ONLY___  
2023-04-06 09:30:11,270 INFO     ___FILE_ONLY___ │ 
2023-04-06 09:30:11,270 INFO     ___FILE_ONLY___ Cloud Datastore Emulator                            
2023-04-06 09:30:11,270 INFO     ___FILE_ONLY___  
2023-04-06 09:30:11,270 INFO     ___FILE_ONLY___ │ 
2023-04-06 09:30:11,270 INFO     ___FILE_ONLY___ cloud-datastore-emulator    
2023-04-06 09:30:11,270 INFO     ___FILE_ONLY___  
2023-04-06 09:30:11,270 INFO     ___FILE_ONLY___ │ 
2023-04-06 09:30:11,270 INFO     ___FILE_ONLY___ 35.1 MiB
2023-04-06 09:30:11,270 INFO     ___FILE_ONLY___  
2023-04-06 09:30:11,270 INFO     ___FILE_ONLY___ │
2023-04-06 09:30:11,270 INFO     ___FILE_ONLY___ 

2023-04-06 09:30:11,270 INFO     ___FILE_ONLY___ │ 
2023-04-06 09:30:11,270 INFO     ___FILE_ONLY___ Not Installed
2023-04-06 09:30:11,270 INFO     ___FILE_ONLY___  
2023-04-06 09:30:11,271 INFO     ___FILE_ONLY___ │ 
2023-04-06 09:30:11,271 INFO     ___FILE_ONLY___ Cloud Firestore Emulator                            
2023-04-06 09:30:11,271 INFO     ___FILE_ONLY___  
2023-04-06 09:30:11,271 INFO     ___FILE_ONLY___ │ 
2023-04-06 09:30:11,271 INFO     ___FILE_ONLY___ cloud-firestore-emulator    
2023-04-06 09:30:11,271 INFO     ___FILE_ONLY___  
2023-04-06 09:30:11,271 INFO     ___FILE_ONLY___ │ 
2023-04-06 09:30:11,271 INFO     ___FILE_ONLY___ 41.6 MiB
2023-04-06 09:30:11,271 INFO     ___FILE_ONLY___  
2023-04-06 09:30:11,271 INFO     ___FILE_ONLY___ │
2023-04-06 09:30:11,271 INFO     ___FILE_ONLY___ 

2023-04-06 09:30:11,271 INFO     ___FILE_ONLY___ │ 
2023-04-06 09:30:11,271 INFO     ___FILE_ONLY___ Not Installed
2023-04-06 09:30:11,271 INFO     ___FILE_ONLY___  
2023-04-06 09:30:11,271 INFO     ___FILE_ONLY___ │ 
2023-04-06 09:30:11,271 INFO     ___FILE_ONLY___ Cloud Pub/Sub Emulator                              
2023-04-06 09:30:11,271 INFO     ___FILE_ONLY___  
2023-04-06 09:30:11,271 INFO     ___FILE_ONLY___ │ 
2023-04-06 09:30:11,271 INFO     ___FILE_ONLY___ pubsub-emulator             
2023-04-06 09:30:11,271 INFO     ___FILE_ONLY___  
2023-04-06 09:30:11,271 INFO     ___FILE_ONLY___ │ 
2023-04-06 09:30:11,271 INFO     ___FILE_ONLY___ 66.4 MiB
2023-04-06 09:30:11,271 INFO     ___FILE_ONLY___  
2023-04-06 09:30:11,271 INFO     ___FILE_ONLY___ │
2023-04-06 09:30:11,272 INFO     ___FILE_ONLY___ 

2023-04-06 09:30:11,272 INFO     ___FILE_ONLY___ │ 
2023-04-06 09:30:11,272 INFO     ___FILE_ONLY___ Not Installed
2023-04-06 09:30:11,272 INFO     ___FILE_ONLY___  
2023-04-06 09:30:11,272 INFO     ___FILE_ONLY___ │ 
2023-04-06 09:30:11,272 INFO     ___FILE_ONLY___ Cloud Run Proxy                                     
2023-04-06 09:30:11,272 INFO     ___FILE_ONLY___  
2023-04-06 09:30:11,272 INFO     ___FILE_ONLY___ │ 
2023-04-06 09:30:11,272 INFO     ___FILE_ONLY___ cloud-run-proxy             
2023-04-06 09:30:11,272 INFO     ___FILE_ONLY___  
2023-04-06 09:30:11,272 INFO     ___FILE_ONLY___ │ 
2023-04-06 09:30:11,272 INFO     ___FILE_ONLY___  7.4 MiB
2023-04-06 09:30:11,272 INFO     ___FILE_ONLY___  
2023-04-06 09:30:11,272 INFO     ___FILE_ONLY___ │
2023-04-06 09:30:11,272 INFO     ___FILE_ONLY___ 

2023-04-06 09:30:11,272 INFO     ___FILE_ONLY___ │ 
2023-04-06 09:30:11,272 INFO     ___FILE_ONLY___ Not Installed
2023-04-06 09:30:11,272 INFO     ___FILE_ONLY___  
2023-04-06 09:30:11,272 INFO     ___FILE_ONLY___ │ 
2023-04-06 09:30:11,272 INFO     ___FILE_ONLY___ Cloud SQL Proxy                                     
2023-04-06 09:30:11,272 INFO     ___FILE_ONLY___  
2023-04-06 09:30:11,272 INFO     ___FILE_ONLY___ │ 
2023-04-06 09:30:11,272 INFO     ___FILE_ONLY___ cloud_sql_proxy             
2023-04-06 09:30:11,272 INFO     ___FILE_ONLY___  
2023-04-06 09:30:11,272 INFO     ___FILE_ONLY___ │ 
2023-04-06 09:30:11,272 INFO     ___FILE_ONLY___  7.3 MiB
2023-04-06 09:30:11,273 INFO     ___FILE_ONLY___  
2023-04-06 09:30:11,273 INFO     ___FILE_ONLY___ │
2023-04-06 09:30:11,273 INFO     ___FILE_ONLY___ 

2023-04-06 09:30:11,273 INFO     ___FILE_ONLY___ │ 
2023-04-06 09:30:11,273 INFO     ___FILE_ONLY___ Not Installed
2023-04-06 09:30:11,273 INFO     ___FILE_ONLY___  
2023-04-06 09:30:11,273 INFO     ___FILE_ONLY___ │ 
2023-04-06 09:30:11,273 INFO     ___FILE_ONLY___ Google Container Registry's Docker credential helper
2023-04-06 09:30:11,273 INFO     ___FILE_ONLY___  
2023-04-06 09:30:11,273 INFO     ___FILE_ONLY___ │ 
2023-04-06 09:30:11,273 INFO     ___FILE_ONLY___ docker-credential-gcr       
2023-04-06 09:30:11,273 INFO     ___FILE_ONLY___  
2023-04-06 09:30:11,273 INFO     ___FILE_ONLY___ │ 
2023-04-06 09:30:11,273 INFO     ___FILE_ONLY___         
2023-04-06 09:30:11,273 INFO     ___FILE_ONLY___  
2023-04-06 09:30:11,273 INFO     ___FILE_ONLY___ │
2023-04-06 09:30:11,273 INFO     ___FILE_ONLY___ 

2023-04-06 09:30:11,273 INFO     ___FILE_ONLY___ │ 
2023-04-06 09:30:11,273 INFO     ___FILE_ONLY___ Not Installed
2023-04-06 09:30:11,273 INFO     ___FILE_ONLY___  
2023-04-06 09:30:11,273 INFO     ___FILE_ONLY___ │ 
2023-04-06 09:30:11,273 INFO     ___FILE_ONLY___ Kustomize                                           
2023-04-06 09:30:11,273 INFO     ___FILE_ONLY___  
2023-04-06 09:30:11,273 INFO     ___FILE_ONLY___ │ 
2023-04-06 09:30:11,273 INFO     ___FILE_ONLY___ kustomize                   
2023-04-06 09:30:11,274 INFO     ___FILE_ONLY___  
2023-04-06 09:30:11,274 INFO     ___FILE_ONLY___ │ 
2023-04-06 09:30:11,274 INFO     ___FILE_ONLY___  7.4 MiB
2023-04-06 09:30:11,274 INFO     ___FILE_ONLY___  
2023-04-06 09:30:11,274 INFO     ___FILE_ONLY___ │
2023-04-06 09:30:11,274 INFO     ___FILE_ONLY___ 

2023-04-06 09:30:11,274 INFO     ___FILE_ONLY___ │ 
2023-04-06 09:30:11,274 INFO     ___FILE_ONLY___ Not Installed
2023-04-06 09:30:11,274 INFO     ___FILE_ONLY___  
2023-04-06 09:30:11,274 INFO     ___FILE_ONLY___ │ 
2023-04-06 09:30:11,274 INFO     ___FILE_ONLY___ Log Streaming                                       
2023-04-06 09:30:11,274 INFO     ___FILE_ONLY___  
2023-04-06 09:30:11,274 INFO     ___FILE_ONLY___ │ 
2023-04-06 09:30:11,274 INFO     ___FILE_ONLY___ log-streaming               
2023-04-06 09:30:11,274 INFO     ___FILE_ONLY___  
2023-04-06 09:30:11,274 INFO     ___FILE_ONLY___ │ 
2023-04-06 09:30:11,274 INFO     ___FILE_ONLY___ 11.9 MiB
2023-04-06 09:30:11,274 INFO     ___FILE_ONLY___  
2023-04-06 09:30:11,274 INFO     ___FILE_ONLY___ │
2023-04-06 09:30:11,274 INFO     ___FILE_ONLY___ 

2023-04-06 09:30:11,274 INFO     ___FILE_ONLY___ │ 
2023-04-06 09:30:11,274 INFO     ___FILE_ONLY___ Not Installed
2023-04-06 09:30:11,274 INFO     ___FILE_ONLY___  
2023-04-06 09:30:11,274 INFO     ___FILE_ONLY___ │ 
2023-04-06 09:30:11,274 INFO     ___FILE_ONLY___ Minikube                                            
2023-04-06 09:30:11,274 INFO     ___FILE_ONLY___  
2023-04-06 09:30:11,275 INFO     ___FILE_ONLY___ │ 
2023-04-06 09:30:11,275 INFO     ___FILE_ONLY___ minikube                    
2023-04-06 09:30:11,275 INFO     ___FILE_ONLY___  
2023-04-06 09:30:11,275 INFO     ___FILE_ONLY___ │ 
2023-04-06 09:30:11,275 INFO     ___FILE_ONLY___ 31.3 MiB
2023-04-06 09:30:11,275 INFO     ___FILE_ONLY___  
2023-04-06 09:30:11,275 INFO     ___FILE_ONLY___ │
2023-04-06 09:30:11,275 INFO     ___FILE_ONLY___ 

2023-04-06 09:30:11,275 INFO     ___FILE_ONLY___ │ 
2023-04-06 09:30:11,275 INFO     ___FILE_ONLY___ Not Installed
2023-04-06 09:30:11,275 INFO     ___FILE_ONLY___  
2023-04-06 09:30:11,275 INFO     ___FILE_ONLY___ │ 
2023-04-06 09:30:11,275 INFO     ___FILE_ONLY___ Nomos CLI                                           
2023-04-06 09:30:11,275 INFO     ___FILE_ONLY___  
2023-04-06 09:30:11,275 INFO     ___FILE_ONLY___ │ 
2023-04-06 09:30:11,275 INFO     ___FILE_ONLY___ nomos                       
2023-04-06 09:30:11,275 INFO     ___FILE_ONLY___  
2023-04-06 09:30:11,275 INFO     ___FILE_ONLY___ │ 
2023-04-06 09:30:11,275 INFO     ___FILE_ONLY___ 24.6 MiB
2023-04-06 09:30:11,275 INFO     ___FILE_ONLY___  
2023-04-06 09:30:11,275 INFO     ___FILE_ONLY___ │
2023-04-06 09:30:11,275 INFO     ___FILE_ONLY___ 

2023-04-06 09:30:11,275 INFO     ___FILE_ONLY___ │ 
2023-04-06 09:30:11,275 INFO     ___FILE_ONLY___ Not Installed
2023-04-06 09:30:11,275 INFO     ___FILE_ONLY___  
2023-04-06 09:30:11,275 INFO     ___FILE_ONLY___ │ 
2023-04-06 09:30:11,275 INFO     ___FILE_ONLY___ On-Demand Scanning API extraction helper            
2023-04-06 09:30:11,276 INFO     ___FILE_ONLY___  
2023-04-06 09:30:11,276 INFO     ___FILE_ONLY___ │ 
2023-04-06 09:30:11,276 INFO     ___FILE_ONLY___ local-extract               
2023-04-06 09:30:11,276 INFO     ___FILE_ONLY___  
2023-04-06 09:30:11,276 INFO     ___FILE_ONLY___ │ 
2023-04-06 09:30:11,276 INFO     ___FILE_ONLY___ 11.9 MiB
2023-04-06 09:30:11,276 INFO     ___FILE_ONLY___  
2023-04-06 09:30:11,276 INFO     ___FILE_ONLY___ │
2023-04-06 09:30:11,276 INFO     ___FILE_ONLY___ 

2023-04-06 09:30:11,276 INFO     ___FILE_ONLY___ │ 
2023-04-06 09:30:11,276 INFO     ___FILE_ONLY___ Not Installed
2023-04-06 09:30:11,276 INFO     ___FILE_ONLY___  
2023-04-06 09:30:11,276 INFO     ___FILE_ONLY___ │ 
2023-04-06 09:30:11,276 INFO     ___FILE_ONLY___ Skaffold                                            
2023-04-06 09:30:11,276 INFO     ___FILE_ONLY___  
2023-04-06 09:30:11,276 INFO     ___FILE_ONLY___ │ 
2023-04-06 09:30:11,276 INFO     ___FILE_ONLY___ skaffold                    
2023-04-06 09:30:11,276 INFO     ___FILE_ONLY___  
2023-04-06 09:30:11,276 INFO     ___FILE_ONLY___ │ 
2023-04-06 09:30:11,276 INFO     ___FILE_ONLY___ 21.7 MiB
2023-04-06 09:30:11,276 INFO     ___FILE_ONLY___  
2023-04-06 09:30:11,276 INFO     ___FILE_ONLY___ │
2023-04-06 09:30:11,276 INFO     ___FILE_ONLY___ 

2023-04-06 09:30:11,276 INFO     ___FILE_ONLY___ │ 
2023-04-06 09:30:11,276 INFO     ___FILE_ONLY___ Not Installed
2023-04-06 09:30:11,277 INFO     ___FILE_ONLY___  
2023-04-06 09:30:11,277 INFO     ___FILE_ONLY___ │ 
2023-04-06 09:30:11,277 INFO     ___FILE_ONLY___ Terraform Tools                                     
2023-04-06 09:30:11,277 INFO     ___FILE_ONLY___  
2023-04-06 09:30:11,277 INFO     ___FILE_ONLY___ │ 
2023-04-06 09:30:11,277 INFO     ___FILE_ONLY___ terraform-tools             
2023-04-06 09:30:11,277 INFO     ___FILE_ONLY___  
2023-04-06 09:30:11,277 INFO     ___FILE_ONLY___ │ 
2023-04-06 09:30:11,277 INFO     ___FILE_ONLY___ 59.6 MiB
2023-04-06 09:30:11,277 INFO     ___FILE_ONLY___  
2023-04-06 09:30:11,277 INFO     ___FILE_ONLY___ │
2023-04-06 09:30:11,277 INFO     ___FILE_ONLY___ 

2023-04-06 09:30:11,277 INFO     ___FILE_ONLY___ │ 
2023-04-06 09:30:11,277 INFO     ___FILE_ONLY___ Not Installed
2023-04-06 09:30:11,277 INFO     ___FILE_ONLY___  
2023-04-06 09:30:11,277 INFO     ___FILE_ONLY___ │ 
2023-04-06 09:30:11,277 INFO     ___FILE_ONLY___ anthos-auth                                         
2023-04-06 09:30:11,277 INFO     ___FILE_ONLY___  
2023-04-06 09:30:11,277 INFO     ___FILE_ONLY___ │ 
2023-04-06 09:30:11,277 INFO     ___FILE_ONLY___ anthos-auth                 
2023-04-06 09:30:11,277 INFO     ___FILE_ONLY___  
2023-04-06 09:30:11,277 INFO     ___FILE_ONLY___ │ 
2023-04-06 09:30:11,277 INFO     ___FILE_ONLY___ 19.2 MiB
2023-04-06 09:30:11,277 INFO     ___FILE_ONLY___  
2023-04-06 09:30:11,277 INFO     ___FILE_ONLY___ │
2023-04-06 09:30:11,277 INFO     ___FILE_ONLY___ 

2023-04-06 09:30:11,277 INFO     ___FILE_ONLY___ │ 
2023-04-06 09:30:11,278 INFO     ___FILE_ONLY___ Not Installed
2023-04-06 09:30:11,278 INFO     ___FILE_ONLY___  
2023-04-06 09:30:11,278 INFO     ___FILE_ONLY___ │ 
2023-04-06 09:30:11,278 INFO     ___FILE_ONLY___ config-connector                                    
2023-04-06 09:30:11,278 INFO     ___FILE_ONLY___  
2023-04-06 09:30:11,278 INFO     ___FILE_ONLY___ │ 
2023-04-06 09:30:11,278 INFO     ___FILE_ONLY___ config-connector            
2023-04-06 09:30:11,278 INFO     ___FILE_ONLY___  
2023-04-06 09:30:11,278 INFO     ___FILE_ONLY___ │ 
2023-04-06 09:30:11,278 INFO     ___FILE_ONLY___ 55.6 MiB
2023-04-06 09:30:11,278 INFO     ___FILE_ONLY___  
2023-04-06 09:30:11,278 INFO     ___FILE_ONLY___ │
2023-04-06 09:30:11,278 INFO     ___FILE_ONLY___ 

2023-04-06 09:30:11,278 INFO     ___FILE_ONLY___ │ 
2023-04-06 09:30:11,278 INFO     ___FILE_ONLY___ Not Installed
2023-04-06 09:30:11,278 INFO     ___FILE_ONLY___  
2023-04-06 09:30:11,278 INFO     ___FILE_ONLY___ │ 
2023-04-06 09:30:11,278 INFO     ___FILE_ONLY___ enterprise-certificate-proxy                        
2023-04-06 09:30:11,278 INFO     ___FILE_ONLY___  
2023-04-06 09:30:11,278 INFO     ___FILE_ONLY___ │ 
2023-04-06 09:30:11,278 INFO     ___FILE_ONLY___ enterprise-certificate-proxy
2023-04-06 09:30:11,278 INFO     ___FILE_ONLY___  
2023-04-06 09:30:11,278 INFO     ___FILE_ONLY___ │ 
2023-04-06 09:30:11,278 INFO     ___FILE_ONLY___  6.1 MiB
2023-04-06 09:30:11,278 INFO     ___FILE_ONLY___  
2023-04-06 09:30:11,278 INFO     ___FILE_ONLY___ │
2023-04-06 09:30:11,279 INFO     ___FILE_ONLY___ 

2023-04-06 09:30:11,279 INFO     ___FILE_ONLY___ │ 
2023-04-06 09:30:11,279 INFO     ___FILE_ONLY___ Not Installed
2023-04-06 09:30:11,279 INFO     ___FILE_ONLY___  
2023-04-06 09:30:11,279 INFO     ___FILE_ONLY___ │ 
2023-04-06 09:30:11,279 INFO     ___FILE_ONLY___ gcloud Alpha Commands                               
2023-04-06 09:30:11,279 INFO     ___FILE_ONLY___  
2023-04-06 09:30:11,279 INFO     ___FILE_ONLY___ │ 
2023-04-06 09:30:11,279 INFO     ___FILE_ONLY___ alpha                       
2023-04-06 09:30:11,279 INFO     ___FILE_ONLY___  
2023-04-06 09:30:11,279 INFO     ___FILE_ONLY___ │ 
2023-04-06 09:30:11,279 INFO     ___FILE_ONLY___  < 1 MiB
2023-04-06 09:30:11,279 INFO     ___FILE_ONLY___  
2023-04-06 09:30:11,279 INFO     ___FILE_ONLY___ │
2023-04-06 09:30:11,279 INFO     ___FILE_ONLY___ 

2023-04-06 09:30:11,279 INFO     ___FILE_ONLY___ │ 
2023-04-06 09:30:11,279 INFO     ___FILE_ONLY___ Not Installed
2023-04-06 09:30:11,279 INFO     ___FILE_ONLY___  
2023-04-06 09:30:11,279 INFO     ___FILE_ONLY___ │ 
2023-04-06 09:30:11,279 INFO     ___FILE_ONLY___ gcloud Beta Commands                                
2023-04-06 09:30:11,279 INFO     ___FILE_ONLY___  
2023-04-06 09:30:11,279 INFO     ___FILE_ONLY___ │ 
2023-04-06 09:30:11,279 INFO     ___FILE_ONLY___ beta                        
2023-04-06 09:30:11,279 INFO     ___FILE_ONLY___  
2023-04-06 09:30:11,279 INFO     ___FILE_ONLY___ │ 
2023-04-06 09:30:11,279 INFO     ___FILE_ONLY___  < 1 MiB
2023-04-06 09:30:11,280 INFO     ___FILE_ONLY___  
2023-04-06 09:30:11,280 INFO     ___FILE_ONLY___ │
2023-04-06 09:30:11,280 INFO     ___FILE_ONLY___ 

2023-04-06 09:30:11,280 INFO     ___FILE_ONLY___ │ 
2023-04-06 09:30:11,280 INFO     ___FILE_ONLY___ Not Installed
2023-04-06 09:30:11,280 INFO     ___FILE_ONLY___  
2023-04-06 09:30:11,280 INFO     ___FILE_ONLY___ │ 
2023-04-06 09:30:11,280 INFO     ___FILE_ONLY___ gcloud app Java Extensions                          
2023-04-06 09:30:11,280 INFO     ___FILE_ONLY___  
2023-04-06 09:30:11,280 INFO     ___FILE_ONLY___ │ 
2023-04-06 09:30:11,280 INFO     ___FILE_ONLY___ app-engine-java             
2023-04-06 09:30:11,280 INFO     ___FILE_ONLY___  
2023-04-06 09:30:11,280 INFO     ___FILE_ONLY___ │ 
2023-04-06 09:30:11,280 INFO     ___FILE_ONLY___ 64.6 MiB
2023-04-06 09:30:11,280 INFO     ___FILE_ONLY___  
2023-04-06 09:30:11,280 INFO     ___FILE_ONLY___ │
2023-04-06 09:30:11,280 INFO     ___FILE_ONLY___ 

2023-04-06 09:30:11,280 INFO     ___FILE_ONLY___ │ 
2023-04-06 09:30:11,280 INFO     ___FILE_ONLY___ Not Installed
2023-04-06 09:30:11,280 INFO     ___FILE_ONLY___  
2023-04-06 09:30:11,280 INFO     ___FILE_ONLY___ │ 
2023-04-06 09:30:11,280 INFO     ___FILE_ONLY___ gcloud app PHP Extensions                           
2023-04-06 09:30:11,280 INFO     ___FILE_ONLY___  
2023-04-06 09:30:11,280 INFO     ___FILE_ONLY___ │ 
2023-04-06 09:30:11,280 INFO     ___FILE_ONLY___ app-engine-php              
2023-04-06 09:30:11,280 INFO     ___FILE_ONLY___  
2023-04-06 09:30:11,281 INFO     ___FILE_ONLY___ │ 
2023-04-06 09:30:11,281 INFO     ___FILE_ONLY___ 21.9 MiB
2023-04-06 09:30:11,281 INFO     ___FILE_ONLY___  
2023-04-06 09:30:11,281 INFO     ___FILE_ONLY___ │
2023-04-06 09:30:11,281 INFO     ___FILE_ONLY___ 

2023-04-06 09:30:11,281 INFO     ___FILE_ONLY___ │ 
2023-04-06 09:30:11,281 INFO     ___FILE_ONLY___ Not Installed
2023-04-06 09:30:11,281 INFO     ___FILE_ONLY___  
2023-04-06 09:30:11,281 INFO     ___FILE_ONLY___ │ 
2023-04-06 09:30:11,281 INFO     ___FILE_ONLY___ gcloud app Python Extensions                        
2023-04-06 09:30:11,281 INFO     ___FILE_ONLY___  
2023-04-06 09:30:11,281 INFO     ___FILE_ONLY___ │ 
2023-04-06 09:30:11,281 INFO     ___FILE_ONLY___ app-engine-python           
2023-04-06 09:30:11,281 INFO     ___FILE_ONLY___  
2023-04-06 09:30:11,281 INFO     ___FILE_ONLY___ │ 
2023-04-06 09:30:11,281 INFO     ___FILE_ONLY___  8.4 MiB
2023-04-06 09:30:11,281 INFO     ___FILE_ONLY___  
2023-04-06 09:30:11,281 INFO     ___FILE_ONLY___ │
2023-04-06 09:30:11,281 INFO     ___FILE_ONLY___ 

2023-04-06 09:30:11,281 INFO     ___FILE_ONLY___ │ 
2023-04-06 09:30:11,281 INFO     ___FILE_ONLY___ Not Installed
2023-04-06 09:30:11,281 INFO     ___FILE_ONLY___  
2023-04-06 09:30:11,281 INFO     ___FILE_ONLY___ │ 
2023-04-06 09:30:11,281 INFO     ___FILE_ONLY___ gcloud app Python Extensions (Extra Libraries)      
2023-04-06 09:30:11,281 INFO     ___FILE_ONLY___  
2023-04-06 09:30:11,281 INFO     ___FILE_ONLY___ │ 
2023-04-06 09:30:11,281 INFO     ___FILE_ONLY___ app-engine-python-extras    
2023-04-06 09:30:11,281 INFO     ___FILE_ONLY___  
2023-04-06 09:30:11,281 INFO     ___FILE_ONLY___ │ 
2023-04-06 09:30:11,282 INFO     ___FILE_ONLY___ 26.4 MiB
2023-04-06 09:30:11,282 INFO     ___FILE_ONLY___  
2023-04-06 09:30:11,282 INFO     ___FILE_ONLY___ │
2023-04-06 09:30:11,282 INFO     ___FILE_ONLY___ 

2023-04-06 09:30:11,282 INFO     ___FILE_ONLY___ │ 
2023-04-06 09:30:11,282 INFO     ___FILE_ONLY___ Not Installed
2023-04-06 09:30:11,282 INFO     ___FILE_ONLY___  
2023-04-06 09:30:11,282 INFO     ___FILE_ONLY___ │ 
2023-04-06 09:30:11,282 INFO     ___FILE_ONLY___ gke-gcloud-auth-plugin                              
2023-04-06 09:30:11,282 INFO     ___FILE_ONLY___  
2023-04-06 09:30:11,282 INFO     ___FILE_ONLY___ │ 
2023-04-06 09:30:11,282 INFO     ___FILE_ONLY___ gke-gcloud-auth-plugin      
2023-04-06 09:30:11,282 INFO     ___FILE_ONLY___  
2023-04-06 09:30:11,282 INFO     ___FILE_ONLY___ │ 
2023-04-06 09:30:11,282 INFO     ___FILE_ONLY___  7.2 MiB
2023-04-06 09:30:11,282 INFO     ___FILE_ONLY___  
2023-04-06 09:30:11,282 INFO     ___FILE_ONLY___ │
2023-04-06 09:30:11,282 INFO     ___FILE_ONLY___ 

2023-04-06 09:30:11,282 INFO     ___FILE_ONLY___ │ 
2023-04-06 09:30:11,282 INFO     ___FILE_ONLY___ Not Installed
2023-04-06 09:30:11,282 INFO     ___FILE_ONLY___  
2023-04-06 09:30:11,282 INFO     ___FILE_ONLY___ │ 
2023-04-06 09:30:11,282 INFO     ___FILE_ONLY___ kpt                                                 
2023-04-06 09:30:11,282 INFO     ___FILE_ONLY___  
2023-04-06 09:30:11,282 INFO     ___FILE_ONLY___ │ 
2023-04-06 09:30:11,282 INFO     ___FILE_ONLY___ kpt                         
2023-04-06 09:30:11,282 INFO     ___FILE_ONLY___  
2023-04-06 09:30:11,282 INFO     ___FILE_ONLY___ │ 
2023-04-06 09:30:11,282 INFO     ___FILE_ONLY___ 20.7 MiB
2023-04-06 09:30:11,282 INFO     ___FILE_ONLY___  
2023-04-06 09:30:11,283 INFO     ___FILE_ONLY___ │
2023-04-06 09:30:11,283 INFO     ___FILE_ONLY___ 

2023-04-06 09:30:11,283 INFO     ___FILE_ONLY___ │ 
2023-04-06 09:30:11,283 INFO     ___FILE_ONLY___ Not Installed
2023-04-06 09:30:11,283 INFO     ___FILE_ONLY___  
2023-04-06 09:30:11,283 INFO     ___FILE_ONLY___ │ 
2023-04-06 09:30:11,283 INFO     ___FILE_ONLY___ kubectl                                             
2023-04-06 09:30:11,283 INFO     ___FILE_ONLY___  
2023-04-06 09:30:11,283 INFO     ___FILE_ONLY___ │ 
2023-04-06 09:30:11,283 INFO     ___FILE_ONLY___ kubectl                     
2023-04-06 09:30:11,283 INFO     ___FILE_ONLY___  
2023-04-06 09:30:11,283 INFO     ___FILE_ONLY___ │ 
2023-04-06 09:30:11,283 INFO     ___FILE_ONLY___  < 1 MiB
2023-04-06 09:30:11,283 INFO     ___FILE_ONLY___  
2023-04-06 09:30:11,283 INFO     ___FILE_ONLY___ │
2023-04-06 09:30:11,283 INFO     ___FILE_ONLY___ 

2023-04-06 09:30:11,283 INFO     ___FILE_ONLY___ │ 
2023-04-06 09:30:11,283 INFO     ___FILE_ONLY___ Not Installed
2023-04-06 09:30:11,283 INFO     ___FILE_ONLY___  
2023-04-06 09:30:11,283 INFO     ___FILE_ONLY___ │ 
2023-04-06 09:30:11,283 INFO     ___FILE_ONLY___ kubectl-oidc                                        
2023-04-06 09:30:11,283 INFO     ___FILE_ONLY___  
2023-04-06 09:30:11,283 INFO     ___FILE_ONLY___ │ 
2023-04-06 09:30:11,283 INFO     ___FILE_ONLY___ kubectl-oidc                
2023-04-06 09:30:11,283 INFO     ___FILE_ONLY___  
2023-04-06 09:30:11,283 INFO     ___FILE_ONLY___ │ 
2023-04-06 09:30:11,283 INFO     ___FILE_ONLY___ 19.2 MiB
2023-04-06 09:30:11,283 INFO     ___FILE_ONLY___  
2023-04-06 09:30:11,283 INFO     ___FILE_ONLY___ │
2023-04-06 09:30:11,283 INFO     ___FILE_ONLY___ 

2023-04-06 09:30:11,284 INFO     ___FILE_ONLY___ │ 
2023-04-06 09:30:11,284 INFO     ___FILE_ONLY___ Not Installed
2023-04-06 09:30:11,284 INFO     ___FILE_ONLY___  
2023-04-06 09:30:11,284 INFO     ___FILE_ONLY___ │ 
2023-04-06 09:30:11,284 INFO     ___FILE_ONLY___ pkg                                                 
2023-04-06 09:30:11,284 INFO     ___FILE_ONLY___  
2023-04-06 09:30:11,284 INFO     ___FILE_ONLY___ │ 
2023-04-06 09:30:11,284 INFO     ___FILE_ONLY___ pkg                         
2023-04-06 09:30:11,284 INFO     ___FILE_ONLY___  
2023-04-06 09:30:11,284 INFO     ___FILE_ONLY___ │ 
2023-04-06 09:30:11,284 INFO     ___FILE_ONLY___         
2023-04-06 09:30:11,284 INFO     ___FILE_ONLY___  
2023-04-06 09:30:11,284 INFO     ___FILE_ONLY___ │
2023-04-06 09:30:11,284 INFO     ___FILE_ONLY___ 

2023-04-06 09:30:11,284 INFO     ___FILE_ONLY___ │ 
2023-04-06 09:30:11,284 INFO     ___FILE_ONLY___ Installed    
2023-04-06 09:30:11,284 INFO     ___FILE_ONLY___  
2023-04-06 09:30:11,284 INFO     ___FILE_ONLY___ │ 
2023-04-06 09:30:11,284 INFO     ___FILE_ONLY___ BigQuery Command Line Tool                          
2023-04-06 09:30:11,284 INFO     ___FILE_ONLY___  
2023-04-06 09:30:11,284 INFO     ___FILE_ONLY___ │ 
2023-04-06 09:30:11,284 INFO     ___FILE_ONLY___ bq                          
2023-04-06 09:30:11,284 INFO     ___FILE_ONLY___  
2023-04-06 09:30:11,284 INFO     ___FILE_ONLY___ │ 
2023-04-06 09:30:11,284 INFO     ___FILE_ONLY___  1.6 MiB
2023-04-06 09:30:11,284 INFO     ___FILE_ONLY___  
2023-04-06 09:30:11,284 INFO     ___FILE_ONLY___ │
2023-04-06 09:30:11,284 INFO     ___FILE_ONLY___ 

2023-04-06 09:30:11,284 INFO     ___FILE_ONLY___ │ 
2023-04-06 09:30:11,285 INFO     ___FILE_ONLY___ Installed    
2023-04-06 09:30:11,285 INFO     ___FILE_ONLY___  
2023-04-06 09:30:11,285 INFO     ___FILE_ONLY___ │ 
2023-04-06 09:30:11,285 INFO     ___FILE_ONLY___ Cloud Storage Command Line Tool                     
2023-04-06 09:30:11,285 INFO     ___FILE_ONLY___  
2023-04-06 09:30:11,285 INFO     ___FILE_ONLY___ │ 
2023-04-06 09:30:11,285 INFO     ___FILE_ONLY___ gsutil                      
2023-04-06 09:30:11,285 INFO     ___FILE_ONLY___  
2023-04-06 09:30:11,285 INFO     ___FILE_ONLY___ │ 
2023-04-06 09:30:11,285 INFO     ___FILE_ONLY___ 15.5 MiB
2023-04-06 09:30:11,285 INFO     ___FILE_ONLY___  
2023-04-06 09:30:11,285 INFO     ___FILE_ONLY___ │
2023-04-06 09:30:11,285 INFO     ___FILE_ONLY___ 

2023-04-06 09:30:11,285 INFO     ___FILE_ONLY___ │ 
2023-04-06 09:30:11,285 INFO     ___FILE_ONLY___ Installed    
2023-04-06 09:30:11,285 INFO     ___FILE_ONLY___  
2023-04-06 09:30:11,285 INFO     ___FILE_ONLY___ │ 
2023-04-06 09:30:11,285 INFO     ___FILE_ONLY___ Google Cloud CLI Core Libraries                     
2023-04-06 09:30:11,285 INFO     ___FILE_ONLY___  
2023-04-06 09:30:11,285 INFO     ___FILE_ONLY___ │ 
2023-04-06 09:30:11,285 INFO     ___FILE_ONLY___ core                        
2023-04-06 09:30:11,285 INFO     ___FILE_ONLY___  
2023-04-06 09:30:11,285 INFO     ___FILE_ONLY___ │ 
2023-04-06 09:30:11,285 INFO     ___FILE_ONLY___ 20.1 MiB
2023-04-06 09:30:11,285 INFO     ___FILE_ONLY___  
2023-04-06 09:30:11,285 INFO     ___FILE_ONLY___ │
2023-04-06 09:30:11,285 INFO     ___FILE_ONLY___ 

2023-04-06 09:30:11,285 INFO     ___FILE_ONLY___ │ 
2023-04-06 09:30:11,285 INFO     ___FILE_ONLY___ Installed    
2023-04-06 09:30:11,285 INFO     ___FILE_ONLY___  
2023-04-06 09:30:11,286 INFO     ___FILE_ONLY___ │ 
2023-04-06 09:30:11,286 INFO     ___FILE_ONLY___ Google Cloud CRC32C Hash Tool                       
2023-04-06 09:30:11,286 INFO     ___FILE_ONLY___  
2023-04-06 09:30:11,286 INFO     ___FILE_ONLY___ │ 
2023-04-06 09:30:11,286 INFO     ___FILE_ONLY___ gcloud-crc32c               
2023-04-06 09:30:11,286 INFO     ___FILE_ONLY___  
2023-04-06 09:30:11,286 INFO     ___FILE_ONLY___ │ 
2023-04-06 09:30:11,286 INFO     ___FILE_ONLY___  1.2 MiB
2023-04-06 09:30:11,286 INFO     ___FILE_ONLY___  
2023-04-06 09:30:11,286 INFO     ___FILE_ONLY___ │
2023-04-06 09:30:11,286 INFO     ___FILE_ONLY___ 

2023-04-06 09:30:11,286 INFO     ___FILE_ONLY___ └───────────────┴──────────────────────────────────────────────────────┴──────────────────────────────┴──────────┘
2023-04-06 09:30:11,286 INFO     ___FILE_ONLY___ 

2023-04-06 09:30:11,286 INFO     ___FILE_ONLY___ To install or remove components at your current SDK version [425.0.0], run:
  $ gcloud components install COMPONENT_ID
  $ gcloud components remove COMPONENT_ID

To update your SDK installation to the latest version [425.0.0], run:
  $ gcloud components update


